<?xml version="1.0" encoding="UTF-8"?>
<!-- Generated by org.testng.reporters.JUnitXMLReporter -->
<testsuite ignored="0" hostname="DESKTOP-A8AOGG1" failures="1" tests="1" name="Default test(failed)" time="3.093" errors="0" timestamp="2023-04-08T22:44:52 IST">
  <testcase classname="tests.TestsExamples" name="test_1" time="3.011">
    <failure type="java.lang.AssertionError" message="expected [201] but found [200]">
      <![CDATA[java.lang.AssertionError: expected [201] but found [200]
at tests.TestsExamples.test_1(TestsExamples.java:18)
at java.base/java.util.ArrayList.forEach(ArrayList.java:1511)
... Removed 34 stack frames]]>
    </failure>
  </testcase> <!-- test_1 -->
</testsuite> <!-- Default test(failed) -->
